<?xml version="1.0" encoding="UTF-8" ?>
<testsuite tests="3" failures="0" name="org.example.RunCucumberTest" time="0.371" errors="0" skipped="3">
  <properties>
[...]
</properties>
  <testcase classname="Ordering smoothie from internet shop" name="Ordering two different cocktails" time="0.323">
    <skipped/>
    <system-out>
Scenario Outline: Ordering two different cocktails &amp;#27;[90m# org/example/smoothie/order_smoothie.feature:14&amp;#27;[0m
  &amp;#27;[33mGiven &amp;#27;[0m&amp;#27;[33mI have 100 dollar, Prices are:&amp;#27;[0m             &amp;#27;[90m# null&amp;#27;[0m
  &amp;#27;[33mWhen &amp;#27;[0m&amp;#27;[33mI am ordering one &quot;Apple Smoothie&quot;&amp;#27;[0m          &amp;#27;[90m# null&amp;#27;[0m
  &amp;#27;[33mThen &amp;#27;[0m&amp;#27;[33mI am receiving &lt;final_sum&gt; dollars&amp;#27;[0m          &amp;#27;[90m# null&amp;#27;[0m
</system-out>
    <system-err>Apr 02, 2020 5:28:02 PM io.cucumber.junit.Cucumber &lt;init&gt;
WARNING: By default Cucumber is running in --non-strict mode.
This default will change to --strict and --non-strict will be removed.
You can use --strict or @CucumberOptions(strict = true) to suppress this warning
</system-err>
  </testcase>
  <testcase classname="Ordering smoothie from internet shop" name="Ordering two different cocktails" time="0.036">
    <skipped/>
    <system-out>
Scenario Outline: Ordering two different cocktails &amp;#27;[90m# org/example/smoothie/order_smoothie.feature:15&amp;#27;[0m
  &amp;#27;[33mGiven &amp;#27;[0m&amp;#27;[33mI have 250 dollar, Prices are:&amp;#27;[0m             &amp;#27;[90m# null&amp;#27;[0m
  &amp;#27;[33mWhen &amp;#27;[0m&amp;#27;[33mI am ordering one &quot;Apple Smoothie&quot;&amp;#27;[0m          &amp;#27;[90m# null&amp;#27;[0m
  &amp;#27;[33mThen &amp;#27;[0m&amp;#27;[33mI am receiving &lt;final_sum&gt; dollars&amp;#27;[0m          &amp;#27;[90m# null&amp;#27;[0m
</system-out>
  </testcase>
  <testcase classname="Ordering smoothie from internet shop" name="Ordering two different cocktails" time="0.012">
    <skipped/>
    <system-out>
Scenario Outline: Ordering two different cocktails &amp;#27;[90m# org/example/smoothie/order_smoothie.feature:16&amp;#27;[0m
  &amp;#27;[33mGiven &amp;#27;[0m&amp;#27;[33mI have 300 dollar, Prices are:&amp;#27;[0m             &amp;#27;[90m# null&amp;#27;[0m
  &amp;#27;[33mWhen &amp;#27;[0m&amp;#27;[33mI am ordering one &quot;Green Tea&quot;&amp;#27;[0m               &amp;#27;[90m# null&amp;#27;[0m
  &amp;#27;[33mThen &amp;#27;[0m&amp;#27;[33mI am receiving &lt;final_sum&gt; dollars&amp;#27;[0m          &amp;#27;[90m# null&amp;#27;[0m
</system-out>
  </testcase>
</testsuite>